# JRE version: OpenJDK Runtime Environment (7.0_79-b14) (build 1.7.0_79-b14)
# Java VM: OpenJDK 64-Bit Server VM (24.79-b02 mixed mode linux-amd64 compressed oops)
Heap
 PSYoungGen      total 242688K, used 44935K [0x00000000eaa80000, 0x0000000100000000, 0x0000000100000000)
  eden space 164352K, 0% used [0x00000000eaa80000,0x00000000eaa80000,0x00000000f4b00000)
  from space 78336K, 57% used [0x00000000fb380000,0x00000000fdf61dd8,0x0000000100000000)
  to   space 92672K, 0% used [0x00000000f4b00000,0x00000000f4b00000,0x00000000fa580000)
 ParOldGen       total 223232K, used 223115K [0x00000000c0000000, 0x00000000cda00000, 0x00000000eaa80000)
  object space 223232K, 99% used [0x00000000c0000000,0x00000000cd9e2c70,0x00000000cda00000)
 PSPermGen       total 21504K, used 6173K [0x00000000b5a00000, 0x00000000b6f00000, 0x00000000c0000000)
  object space 21504K, 28% used [0x00000000b5a00000,0x00000000b6007410,0x00000000b6f00000)
GC Heap History (10 events):
Event: 11.019 GC heap after
Heap after GC invocations=17 (full 2):
 PSYoungGen      total 276480K, used 57837K [0x00000000eaa80000, 0x0000000100000000, 0x0000000100000000)
  eden space 218624K, 0% used [0x00000000eaa80000,0x00000000eaa80000,0x00000000f8000000)
  from space 57856K, 99% used [0x00000000f8000000,0x00000000fb87b6a0,0x00000000fb880000)
  to   space 73216K, 0% used [0x00000000fb880000,0x00000000fb880000,0x0000000100000000)
 ParOldGen       total 133632K, used 131399K [0x00000000c0000000, 0x00000000c8280000, 0x00000000eaa80000)
  object space 133632K, 98% used [0x00000000c0000000,0x00000000c8051e78,0x00000000c8280000)
 PSPermGen       total 21504K, used 6103K [0x00000000b5a00000, 0x00000000b6f00000, 0x00000000c0000000)
  object space 21504K, 28% used [0x00000000b5a00000,0x00000000b5ff5e98,0x00000000b6f00000)
}
Event: 11.019 GC heap before
{Heap before GC invocations=18 (full 3):
 PSYoungGen      total 276480K, used 57837K [0x00000000eaa80000, 0x0000000100000000, 0x0000000100000000)
  eden space 218624K, 0% used [0x00000000eaa80000,0x00000000eaa80000,0x00000000f8000000)
  from space 57856K, 99% used [0x00000000f8000000,0x00000000fb87b6a0,0x00000000fb880000)
  to   space 73216K, 0% used [0x00000000fb880000,0x00000000fb880000,0x0000000100000000)
 ParOldGen       total 133632K, used 131399K [0x00000000c0000000, 0x00000000c8280000, 0x00000000eaa80000)
  object space 133632K, 98% used [0x00000000c0000000,0x00000000c8051e78,0x00000000c8280000)
 PSPermGen       total 21504K, used 6103K [0x00000000b5a00000, 0x00000000b6f00000, 0x00000000c0000000)
  object space 21504K, 28% used [0x00000000b5a00000,0x00000000b5ff5e98,0x00000000b6f00000)
Event: 11.892 GC heap after
Heap after GC invocations=18 (full 3):
 PSYoungGen      total 276480K, used 53514K [0x00000000eaa80000, 0x0000000100000000, 0x0000000100000000)
  eden space 218624K, 0% used [0x00000000eaa80000,0x00000000eaa80000,0x00000000f8000000)
  from space 57856K, 92% used [0x00000000f8000000,0x00000000fb442970,0x00000000fb880000)
  to   space 73216K, 0% used [0x00000000fb880000,0x00000000fb880000,0x0000000100000000)
 ParOldGen       total 214528K, used 133199K [0x00000000c0000000, 0x00000000cd180000, 0x00000000eaa80000)
  object space 214528K, 62% used [0x00000000c0000000,0x00000000c8213d90,0x00000000cd180000)
 PSPermGen       total 21504K, used 6103K [0x00000000b5a00000, 0x00000000b6f00000, 0x00000000c0000000)
  object space 21504K, 28% used [0x00000000b5a00000,0x00000000b5ff5c98,0x00000000b6f00000)
}
Event: 13.346 GC heap before
{Heap before GC invocations=19 (full 3):
 PSYoungGen      total 276480K, used 272138K [0x00000000eaa80000, 0x0000000100000000, 0x0000000100000000)
  eden space 218624K, 100% used [0x00000000eaa80000,0x00000000f8000000,0x00000000f8000000)
  from space 57856K, 92% used [0x00000000f8000000,0x00000000fb442970,0x00000000fb880000)
  to   space 73216K, 0% used [0x00000000fb880000,0x00000000fb880000,0x0000000100000000)
 ParOldGen       total 214528K, used 133199K [0x00000000c0000000, 0x00000000cd180000, 0x00000000eaa80000)
  object space 214528K, 62% used [0x00000000c0000000,0x00000000c8213d90,0x00000000cd180000)
 PSPermGen       total 21504K, used 6142K [0x00000000b5a00000, 0x00000000b6f00000, 0x00000000c0000000)
  object space 21504K, 28% used [0x00000000b5a00000,0x00000000b5fff918,0x00000000b6f00000)
Event: 13.502 GC heap after
Heap after GC invocations=19 (full 3):
 PSYoungGen      total 266240K, used 50238K [0x00000000eaa80000, 0x0000000100000000, 0x0000000100000000)
  eden space 193024K, 0% used [0x00000000eaa80000,0x00000000eaa80000,0x00000000f6700000)
  from space 73216K, 68% used [0x00000000fb880000,0x00000000fe98fb60,0x0000000100000000)
  to   space 78336K, 0% used [0x00000000f6700000,0x00000000f6700000,0x00000000fb380000)
 ParOldGen       total 214528K, used 169541K [0x00000000c0000000, 0x00000000cd180000, 0x00000000eaa80000)
  object space 214528K, 79% used [0x00000000c0000000,0x00000000ca591648,0x00000000cd180000)
 PSPermGen       total 21504K, used 6142K [0x00000000b5a00000, 0x00000000b6f00000, 0x00000000c0000000)
  object space 21504K, 28% used [0x00000000b5a00000,0x00000000b5fff918,0x00000000b6f00000)
}
Event: 14.206 GC heap before
{Heap before GC invocations=20 (full 3):
 PSYoungGen      total 266240K, used 243262K [0x00000000eaa80000, 0x0000000100000000, 0x0000000100000000)
  eden space 193024K, 100% used [0x00000000eaa80000,0x00000000f6700000,0x00000000f6700000)
  from space 73216K, 68% used [0x00000000fb880000,0x00000000fe98fb60,0x0000000100000000)
  to   space 78336K, 0% used [0x00000000f6700000,0x00000000f6700000,0x00000000fb380000)
 ParOldGen       total 214528K, used 169541K [0x00000000c0000000, 0x00000000cd180000, 0x00000000eaa80000)
  object space 214528K, 79% used [0x00000000c0000000,0x00000000ca591648,0x00000000cd180000)
 PSPermGen       total 21504K, used 6153K [0x00000000b5a00000, 0x00000000b6f00000, 0x00000000c0000000)
  object space 21504K, 28% used [0x00000000b5a00000,0x00000000b60025b8,0x00000000b6f00000)
Event: 14.295 GC heap after
Heap after GC invocations=20 (full 3):
 PSYoungGen      total 271360K, used 78330K [0x00000000eaa80000, 0x0000000100000000, 0x0000000100000000)
  eden space 193024K, 0% used [0x00000000eaa80000,0x00000000eaa80000,0x00000000f6700000)
  from space 78336K, 99% used [0x00000000f6700000,0x00000000fb37e8e8,0x00000000fb380000)
  to   space 78336K, 0% used [0x00000000fb380000,0x00000000fb380000,0x0000000100000000)
 ParOldGen       total 214528K, used 173837K [0x00000000c0000000, 0x00000000cd180000, 0x00000000eaa80000)
  object space 214528K, 81% used [0x00000000c0000000,0x00000000ca9c37c8,0x00000000cd180000)
 PSPermGen       total 21504K, used 6153K [0x00000000b5a00000, 0x00000000b6f00000, 0x00000000c0000000)
  object space 21504K, 28% used [0x00000000b5a00000,0x00000000b60025b8,0x00000000b6f00000)
}
Event: 15.135 GC heap before
{Heap before GC invocations=21 (full 3):
 PSYoungGen      total 271360K, used 271354K [0x00000000eaa80000, 0x0000000100000000, 0x0000000100000000)
  eden space 193024K, 100% used [0x00000000eaa80000,0x00000000f6700000,0x00000000f6700000)
  from space 78336K, 99% used [0x00000000f6700000,0x00000000fb37e8e8,0x00000000fb380000)
  to   space 78336K, 0% used [0x00000000fb380000,0x00000000fb380000,0x0000000100000000)
 ParOldGen       total 214528K, used 173837K [0x00000000c0000000, 0x00000000cd180000, 0x00000000eaa80000)
  object space 214528K, 81% used [0x00000000c0000000,0x00000000ca9c37c8,0x00000000cd180000)
 PSPermGen       total 21504K, used 6173K [0x00000000b5a00000, 0x00000000b6f00000, 0x00000000c0000000)
  object space 21504K, 28% used [0x00000000b5a00000,0x00000000b6007490,0x00000000b6f00000)
Event: 16.098 GC heap after
Heap after GC invocations=21 (full 3):
 PSYoungGen      total 242688K, used 50199K [0x00000000eaa80000, 0x0000000100000000, 0x0000000100000000)
  eden space 164352K, 0% used [0x00000000eaa80000,0x00000000eaa80000,0x00000000f4b00000)
  from space 78336K, 64% used [0x00000000fb380000,0x00000000fe485c38,0x0000000100000000)
  to   space 92672K, 0% used [0x00000000f4b00000,0x00000000f4b00000,0x00000000fa580000)
 ParOldGen       total 223232K, used 222932K [0x00000000c0000000, 0x00000000cda00000, 0x00000000eaa80000)
  object space 223232K, 99% used [0x00000000c0000000,0x00000000cd9b5348,0x00000000cda00000)
 PSPermGen       total 21504K, used 6173K [0x00000000b5a00000, 0x00000000b6f00000, 0x00000000c0000000)
  object space 21504K, 28% used [0x00000000b5a00000,0x00000000b6007490,0x00000000b6f00000)
}
Event: 16.098 GC heap before
{Heap before GC invocations=22 (full 4):
 PSYoungGen      total 242688K, used 50199K [0x00000000eaa80000, 0x0000000100000000, 0x0000000100000000)
  eden space 164352K, 0% used [0x00000000eaa80000,0x00000000eaa80000,0x00000000f4b00000)
  from space 78336K, 64% used [0x00000000fb380000,0x00000000fe485c38,0x0000000100000000)
  to   space 92672K, 0% used [0x00000000f4b00000,0x00000000f4b00000,0x00000000fa580000)
 ParOldGen       total 223232K, used 222932K [0x00000000c0000000, 0x00000000cda00000, 0x00000000eaa80000)
  object space 223232K, 99% used [0x00000000c0000000,0x00000000cd9b5348,0x00000000cda00000)
 PSPermGen       total 21504K, used 6173K [0x00000000b5a00000, 0x00000000b6f00000, 0x00000000c0000000)
  object space 21504K, 28% used [0x00000000b5a00000,0x00000000b6007490,0x00000000b6f00000)

